<?xml version="1.0" encoding="UTF-8"?>
<testsuite name="fish.payara.cargotracker.integration.TrackExistingTest" time="10.292" tests="4" errors="0" skipped="0" failures="3">
  <properties>
[...]
</properties>
  <testcase name="testPublicTrackingId1" classname="fish.payara.cargotracker.integration.TrackExistingTest" time="5.64"/>
  <testcase name="testPublicTrackingId2" classname="fish.payara.cargotracker.integration.TrackExistingTest" time="1.45">
    <failure message="Handling history did not show expected first event." type="java.lang.AssertionError">java.lang.AssertionError: Handling history did not show expected first event.
	at org.junit.Assert.fail(Assert.java:88)
	at org.junit.Assert.assertTrue(Assert.java:41)
	at fish.payara.cargotracker.integration.TrackExistingTest.testPublicTrackingId2(TrackExistingTest.java:144)
</failure>
    <system-out>http://localhost:8080/cargo-tracker/index.xhtml
JKL567
</system-out>
    <system-err>Nov 20, 2015 8:39:55 AM fish.payara.cargotracker.integration.TrackExistingTest testPublicTrackingId2
INFO: Starting automated test to track Id "JKL567" through public interface.
Nov 20, 2015 8:39:55 AM com.gargoylesoftware.htmlunit.IncorrectnessListenerImpl notify
WARNING: Obsolete content type encountered: 'text/javascript'.
Nov 20, 2015 8:39:55 AM com.gargoylesoftware.htmlunit.javascript.StrictErrorReporter runtimeError
SEVERE: runtimeError: message=[An invalid or illegal selector was specified (selector: ':checked' error: Invalid selector: *:checked).] sourceName=[http://localhost:8080/cargo-tracker/javax.faces.resource/foundation/js/vendor/jquery.js.xhtml] line=[1612] lineSource=[null] lineOffset=[0]
Nov 20, 2015 8:39:55 AM com.gargoylesoftware.htmlunit.javascript.StrictErrorReporter runtimeError
SEVERE: runtimeError: message=[An invalid or illegal selector was specified (selector: ':enabled' error: Invalid selector: *:enabled).] sourceName=[http://localhost:8080/cargo-tracker/javax.faces.resource/foundation/js/vendor/jquery.js.xhtml] line=[1634] lineSource=[null] lineOffset=[0]
Nov 20, 2015 8:39:55 AM com.gargoylesoftware.htmlunit.javascript.StrictErrorReporter runtimeError
SEVERE: runtimeError: message=[The data necessary to complete this operation is not yet available.] sourceName=[http://localhost:8080/cargo-tracker/javax.faces.resource/foundation/js/vendor/jquery.js.xhtml] line=[960] lineSource=[null] lineOffset=[0]
Nov 20, 2015 8:39:55 AM com.gargoylesoftware.htmlunit.DefaultCssErrorHandler error
WARNING: CSS error: 'http://localhost:8080/cargo-tracker/javax.faces.resource/foundation/css/foundation.css.xhtml' [103:3] Error in declaration. '*' is not allowed as first char of a property.
Nov 20, 2015 8:39:55 AM com.gargoylesoftware.htmlunit.DefaultCssErrorHandler error
WARNING: CSS error: 'http://localhost:8080/cargo-tracker/javax.faces.resource/foundation/css/foundation.css.xhtml' [125:5] Error in declaration. '*' is not allowed as first char of a property.
Nov 20, 2015 8:39:55 AM com.gargoylesoftware.htmlunit.DefaultCssErrorHandler error
WARNING: CSS error: 'http://localhost:8080/cargo-tracker/javax.faces.resource/foundation/css/foundation.css.xhtml' [135:7] Error in declaration. '*' is not allowed as first char of a property.
Nov 20, 2015 8:39:55 AM com.gargoylesoftware.htmlunit.DefaultCssErrorHandler error
WARNING: CSS error: 'http://localhost:8080/cargo-tracker/javax.faces.resource/foundation/css/foundation.css.xhtml' [775:5] Error in declaration. '*' is not allowed as first char of a property.
Nov 20, 2015 8:39:56 AM com.gargoylesoftware.htmlunit.DefaultCssErrorHandler error
WARNING: CSS error: 'http://localhost:8080/cargo-tracker/javax.faces.resource/foundation/css/foundation.css.xhtml' [1854:3] Error in declaration. '*' is not allowed as first char of a property.
Nov 20, 2015 8:39:56 AM com.gargoylesoftware.htmlunit.DefaultCssErrorHandler error
WARNING: CSS error: 'http://localhost:8080/cargo-tracker/javax.faces.resource/foundation/css/foundation.css.xhtml' [1923:3] Error in declaration. '*' is not allowed as first char of a property.
Nov 20, 2015 8:39:56 AM com.gargoylesoftware.htmlunit.DefaultCssErrorHandler error
WARNING: CSS error: 'http://localhost:8080/cargo-tracker/javax.faces.resource/foundation/css/foundation.css.xhtml' [3042:5] Error in declaration. '*' is not allowed as first char of a property.
Nov 20, 2015 8:39:56 AM com.gargoylesoftware.htmlunit.DefaultCssErrorHandler error
WARNING: CSS error: 'http://localhost:8080/cargo-tracker/javax.faces.resource/foundation/css/foundation.css.xhtml' [3614:3] Error in declaration. '*' is not allowed as first char of a property.
Nov 20, 2015 8:39:56 AM com.gargoylesoftware.htmlunit.javascript.StrictErrorReporter runtimeError
SEVERE: runtimeError: message=[The data necessary to complete this operation is not yet available.] sourceName=[http://localhost:8080/cargo-tracker/javax.faces.resource/foundation/js/vendor/jquery.js.xhtml] line=[960] lineSource=[null] lineOffset=[0]
Nov 20, 2015 8:39:56 AM com.gargoylesoftware.htmlunit.IncorrectnessListenerImpl notify
WARNING: Obsolete content type encountered: 'text/javascript'.
Nov 20, 2015 8:39:56 AM com.gargoylesoftware.htmlunit.javascript.StrictErrorReporter runtimeError
SEVERE: runtimeError: message=[The data necessary to complete this operation is not yet available.] sourceName=[http://localhost:8080/cargo-tracker/javax.faces.resource/foundation/js/vendor/jquery.js.xhtml] line=[960] lineSource=[null] lineOffset=[0]
Nov 20, 2015 8:39:56 AM com.gargoylesoftware.htmlunit.javascript.StrictErrorReporter runtimeError
SEVERE: runtimeError: message=[The data necessary to complete this operation is not yet available.] sourceName=[http://localhost:8080/cargo-tracker/javax.faces.resource/foundation/js/vendor/jquery.js.xhtml] line=[960] lineSource=[null] lineOffset=[0]
Nov 20, 2015 8:39:56 AM com.gargoylesoftware.htmlunit.IncorrectnessListenerImpl notify
WARNING: Obsolete content type encountered: 'text/javascript'.
Nov 20, 2015 8:39:56 AM com.gargoylesoftware.htmlunit.javascript.StrictErrorReporter runtimeError
SEVERE: runtimeError: message=[An invalid or illegal selector was specified (selector: ':checked' error: Invalid selector: *:checked).] sourceName=[http://localhost:8080/cargo-tracker/javax.faces.resource/foundation/js/vendor/jquery.js.xhtml] line=[1612] lineSource=[null] lineOffset=[0]
Nov 20, 2015 8:39:56 AM com.gargoylesoftware.htmlunit.javascript.StrictErrorReporter runtimeError
SEVERE: runtimeError: message=[An invalid or illegal selector was specified (selector: ':enabled' error: Invalid selector: *:enabled).] sourceName=[http://localhost:8080/cargo-tracker/javax.faces.resource/foundation/js/vendor/jquery.js.xhtml] line=[1634] lineSource=[null] lineOffset=[0]
Nov 20, 2015 8:39:56 AM com.gargoylesoftware.htmlunit.javascript.StrictErrorReporter runtimeError
SEVERE: runtimeError: message=[The data necessary to complete this operation is not yet available.] sourceName=[http://localhost:8080/cargo-tracker/javax.faces.resource/foundation/js/vendor/jquery.js.xhtml] line=[960] lineSource=[null] lineOffset=[0]
Nov 20, 2015 8:39:56 AM com.gargoylesoftware.htmlunit.DefaultCssErrorHandler error
WARNING: CSS error: 'http://localhost:8080/cargo-tracker/javax.faces.resource/foundation/css/foundation.css.xhtml' [103:3] Error in declaration. '*' is not allowed as first char of a property.
Nov 20, 2015 8:39:56 AM com.gargoylesoftware.htmlunit.DefaultCssErrorHandler error
WARNING: CSS error: 'http://localhost:8080/cargo-tracker/javax.faces.resource/foundation/css/foundation.css.xhtml' [125:5] Error in declaration. '*' is not allowed as first char of a property.
Nov 20, 2015 8:39:56 AM com.gargoylesoftware.htmlunit.DefaultCssErrorHandler error
WARNING: CSS error: 'http://localhost:8080/cargo-tracker/javax.faces.resource/foundation/css/foundation.css.xhtml' [135:7] Error in declaration. '*' is not allowed as first char of a property.
Nov 20, 2015 8:39:56 AM com.gargoylesoftware.htmlunit.DefaultCssErrorHandler error
WARNING: CSS error: 'http://localhost:8080/cargo-tracker/javax.faces.resource/foundation/css/foundation.css.xhtml' [775:5] Error in declaration. '*' is not allowed as first char of a property.
Nov 20, 2015 8:39:56 AM com.gargoylesoftware.htmlunit.DefaultCssErrorHandler error
WARNING: CSS error: 'http://localhost:8080/cargo-tracker/javax.faces.resource/foundation/css/foundation.css.xhtml' [1854:3] Error in declaration. '*' is not allowed as first char of a property.
Nov 20, 2015 8:39:56 AM com.gargoylesoftware.htmlunit.DefaultCssErrorHandler error
WARNING: CSS error: 'http://localhost:8080/cargo-tracker/javax.faces.resource/foundation/css/foundation.css.xhtml' [1923:3] Error in declaration. '*' is not allowed as first char of a property.
Nov 20, 2015 8:39:56 AM com.gargoylesoftware.htmlunit.DefaultCssErrorHandler error
WARNING: CSS error: 'http://localhost:8080/cargo-tracker/javax.faces.resource/foundation/css/foundation.css.xhtml' [3042:5] Error in declaration. '*' is not allowed as first char of a property.
Nov 20, 2015 8:39:56 AM com.gargoylesoftware.htmlunit.DefaultCssErrorHandler error
WARNING: CSS error: 'http://localhost:8080/cargo-tracker/javax.faces.resource/foundation/css/foundation.css.xhtml' [3614:3] Error in declaration. '*' is not allowed as first char of a property.
Nov 20, 2015 8:39:56 AM com.gargoylesoftware.htmlunit.IncorrectnessListenerImpl notify
WARNING: Obsolete content type encountered: 'text/javascript'.
</system-err>
  </testcase>
  <testcase name="testAdminTrackingId1" classname="fish.payara.cargotracker.integration.TrackExistingTest" time="1.648">
    <failure message="Handling history did not show expected first event." type="java.lang.AssertionError">java.lang.AssertionError: Handling history did not show expected first event.
	at org.junit.Assert.fail(Assert.java:88)
	at org.junit.Assert.assertTrue(Assert.java:41)
	at fish.payara.cargotracker.integration.TrackExistingTest.testAdminTrackingId1(TrackExistingTest.java:170)
</failure>
    <system-out>http://localhost:8080/cargo-tracker/index.xhtml
ABC123
</system-out>
    <system-err>Nov 20, 2015 8:39:57 AM fish.payara.cargotracker.integration.TrackExistingTest testAdminTrackingId1
INFO: Starting automated test to track Id "ABC123" through admin interface.
Nov 20, 2015 8:39:57 AM com.gargoylesoftware.htmlunit.IncorrectnessListenerImpl notify
WARNING: Obsolete content type encountered: 'text/javascript'.
Nov 20, 2015 8:39:57 AM com.gargoylesoftware.htmlunit.javascript.JavaScriptEngine handleJavaScriptException
INFO: Caught script exception
======= EXCEPTION START ========
EcmaError: lineNumber=[8] column=[0] lineSource=[&lt;no source&gt;] name=[ReferenceError] sourceName=[http://localhost:8080/cargo-tracker/admin/js/listRouted.js] message=[ReferenceError: "WebSocket" is not defined. (http://localhost:8080/cargo-tracker/admin/js/listRouted.js#8)]
com.gargoylesoftware.htmlunit.ScriptException: ReferenceError: "WebSocket" is not defined. (http://localhost:8080/cargo-tracker/admin/js/listRouted.js#8)
	at com.gargoylesoftware.htmlunit.javascript.JavaScriptEngine$HtmlUnitContextAction.run(JavaScriptEngine.java:865)
	at net.sourceforge.htmlunit.corejs.javascript.Context.call(Context.java:628)
	at net.sourceforge.htmlunit.corejs.javascript.ContextFactory.call(ContextFactory.java:513)
	at com.gargoylesoftware.htmlunit.javascript.JavaScriptEngine.execute(JavaScriptEngine.java:747)
	at com.gargoylesoftware.htmlunit.html.HtmlPage.loadExternalJavaScriptFile(HtmlPage.java:1032)
	at com.gargoylesoftware.htmlunit.html.HtmlScript.executeScriptIfNeeded(HtmlScript.java:395)
	at com.gargoylesoftware.htmlunit.html.HtmlScript$3.execute(HtmlScript.java:270)
	at com.gargoylesoftware.htmlunit.html.HtmlScript.onAllChildrenAddedToPage(HtmlScript.java:290)
	at com.gargoylesoftware.htmlunit.html.HTMLParser$HtmlUnitDOMBuilder.endElement(HTMLParser.java:800)
	at org.apache.xerces.parsers.AbstractSAXParser.endElement(Unknown Source)
	at com.gargoylesoftware.htmlunit.html.HTMLParser$HtmlUnitDOMBuilder.endElement(HTMLParser.java:757)
	at org.cyberneko.html.HTMLTagBalancer.callEndElement(HTMLTagBalancer.java:1170)
	at org.cyberneko.html.HTMLTagBalancer.endElement(HTMLTagBalancer.java:1072)
	at org.cyberneko.html.filters.DefaultFilter.endElement(DefaultFilter.java:206)
	at org.cyberneko.html.filters.NamespaceBinder.endElement(NamespaceBinder.java:330)
	at org.cyberneko.html.HTMLScanner$ContentScanner.scanEndElement(HTMLScanner.java:3126)
	at org.cyberneko.html.HTMLScanner$ContentScanner.scan(HTMLScanner.java:2093)
	at org.cyberneko.html.HTMLScanner.scanDocument(HTMLScanner.java:920)
	at org.cyberneko.html.HTMLConfiguration.parse(HTMLConfiguration.java:499)
	at org.cyberneko.html.HTMLConfiguration.parse(HTMLConfiguration.java:452)
	at org.apache.xerces.parsers.XMLParser.parse(Unknown Source)
	at com.gargoylesoftware.htmlunit.html.HTMLParser$HtmlUnitDOMBuilder.parse(HTMLParser.java:1040)
	at com.gargoylesoftware.htmlunit.html.HTMLParser.parse(HTMLParser.java:253)
	at com.gargoylesoftware.htmlunit.html.HTMLParser.parseHtml(HTMLParser.java:199)
	at com.gargoylesoftware.htmlunit.DefaultPageCreator.createHtmlPage(DefaultPageCreator.java:272)
	at com.gargoylesoftware.htmlunit.DefaultPageCreator.createPage(DefaultPageCreator.java:160)
	at com.gargoylesoftware.htmlunit.WebClient.loadWebResponseInto(WebClient.java:476)
	at com.gargoylesoftware.htmlunit.WebClient.loadDownloadedResponses(WebClient.java:2123)
	at com.gargoylesoftware.htmlunit.javascript.JavaScriptEngine.doProcessPostponedActions(JavaScriptEngine.java:893)
	at com.gargoylesoftware.htmlunit.javascript.JavaScriptEngine.processPostponedActions(JavaScriptEngine.java:983)
	at com.gargoylesoftware.htmlunit.html.DomElement.click(DomElement.java:790)
	at com.gargoylesoftware.htmlunit.html.DomElement.click(DomElement.java:733)
	at com.gargoylesoftware.htmlunit.html.DomElement.click(DomElement.java:680)
	at fish.payara.cargotracker.integration.TrackExistingTest.testAdminTrackingId1(TrackExistingTest.java:163)
	at sun.reflect.NativeMethodAccessorImpl.invoke0(Native Method)
	at sun.reflect.NativeMethodAccessorImpl.invoke(NativeMethodAccessorImpl.java:57)
	at sun.reflect.DelegatingMethodAccessorImpl.invoke(DelegatingMethodAccessorImpl.java:43)
	at java.lang.reflect.Method.invoke(Method.java:606)
	at org.junit.runners.model.FrameworkMethod$1.runReflectiveCall(FrameworkMethod.java:47)
	at org.junit.internal.runners.model.ReflectiveCallable.run(ReflectiveCallable.java:12)
	at org.junit.runners.model.FrameworkMethod.invokeExplosively(FrameworkMethod.java:44)
	at org.jboss.arquillian.junit.Arquillian$6$1.invoke(Arquillian.java:270)
	at org.jboss.arquillian.container.test.impl.execution.LocalTestExecuter.execute(LocalTestExecuter.java:60)
	at sun.reflect.NativeMethodAccessorImpl.invoke0(Native Method)
	at sun.reflect.NativeMethodAccessorImpl.invoke(NativeMethodAccessorImpl.java:57)
	at sun.reflect.DelegatingMethodAccessorImpl.invoke(DelegatingMethodAccessorImpl.java:43)
	at java.lang.reflect.Method.invoke(Method.java:606)
	at org.jboss.arquillian.core.impl.ObserverImpl.invoke(ObserverImpl.java:94)
	at org.jboss.arquillian.core.impl.EventContextImpl.invokeObservers(EventContextImpl.java:99)
	at org.jboss.arquillian.core.impl.EventContextImpl.proceed(EventContextImpl.java:81)
	at org.jboss.arquillian.core.impl.ManagerImpl.fire(ManagerImpl.java:135)
	at org.jboss.arquillian.core.impl.ManagerImpl.fire(ManagerImpl.java:115)
	at org.jboss.arquillian.core.impl.EventImpl.fire(EventImpl.java:67)
	at org.jboss.arquillian.container.test.impl.execution.ClientTestExecuter.execute(ClientTestExecuter.java:53)
	at sun.reflect.NativeMethodAccessorImpl.invoke0(Native Method)
	at sun.reflect.NativeMethodAccessorImpl.invoke(NativeMethodAccessorImpl.java:57)
	at sun.reflect.DelegatingMethodAccessorImpl.invoke(DelegatingMethodAccessorImpl.java:43)
	at java.lang.reflect.Method.invoke(Method.java:606)
	at org.jboss.arquillian.core.impl.ObserverImpl.invoke(ObserverImpl.java:94)
	at org.jboss.arquillian.core.impl.EventContextImpl.invokeObservers(EventContextImpl.java:99)
	at org.jboss.arquillian.core.impl.EventContextImpl.proceed(EventContextImpl.java:81)
	at org.jboss.arquillian.container.test.impl.client.ContainerEventController.createContext(ContainerEventController.java:142)
	at org.jboss.arquillian.container.test.impl.client.ContainerEventController.createTestContext(ContainerEventController.java:129)
	at sun.reflect.NativeMethodAccessorImpl.invoke0(Native Method)
	at sun.reflect.NativeMethodAccessorImpl.invoke(NativeMethodAccessorImpl.java:57)
	at sun.reflect.DelegatingMethodAccessorImpl.invoke(DelegatingMethodAccessorImpl.java:43)
	at java.lang.reflect.Method.invoke(Method.java:606)
	at org.jboss.arquillian.core.impl.ObserverImpl.invoke(ObserverImpl.java:94)
	at org.jboss.arquillian.core.impl.EventContextImpl.proceed(EventContextImpl.java:88)
	at org.jboss.arquillian.test.impl.TestContextHandler.createTestContext(TestContextHandler.java:89)
	at sun.reflect.NativeMethodAccessorImpl.invoke0(Native Method)
	at sun.reflect.NativeMethodAccessorImpl.invoke(NativeMethodAccessorImpl.java:57)
	at sun.reflect.DelegatingMethodAccessorImpl.invoke(DelegatingMethodAccessorImpl.java:43)
	at java.lang.reflect.Method.invoke(Method.java:606)
	at org.jboss.arquillian.core.impl.ObserverImpl.invoke(ObserverImpl.java:94)
	at org.jboss.arquillian.core.impl.EventContextImpl.proceed(EventContextImpl.java:88)
	at org.jboss.arquillian.test.impl.TestContextHandler.createSuiteContext(TestContextHandler.java:60)
	at sun.reflect.NativeMethodAccessorImpl.invoke0(Native Method)
	at sun.reflect.NativeMethodAccessorImpl.invoke(NativeMethodAccessorImpl.java:57)
	at sun.reflect.DelegatingMethodAccessorImpl.invoke(DelegatingMethodAccessorImpl.java:43)
	at java.lang.reflect.Method.invoke(Method.java:606)
	at org.jboss.arquillian.core.impl.ObserverImpl.invoke(ObserverImpl.java:94)
	at org.jboss.arquillian.core.impl.EventContextImpl.proceed(EventContextImpl.java:88)
	at org.jboss.arquillian.test.impl.TestContextHandler.createClassContext(TestContextHandler.java:75)
	at sun.reflect.NativeMethodAccessorImpl.invoke0(Native Method)
	at sun.reflect.NativeMethodAccessorImpl.invoke(NativeMethodAccessorImpl.java:57)
	at sun.reflect.DelegatingMethodAccessorImpl.invoke(DelegatingMethodAccessorImpl.java:43)
	at java.lang.reflect.Method.invoke(Method.java:606)
	at org.jboss.arquillian.core.impl.ObserverImpl.invoke(ObserverImpl.java:94)
	at org.jboss.arquillian.core.impl.EventContextImpl.proceed(EventContextImpl.java:88)
	at org.jboss.arquillian.core.impl.ManagerImpl.fire(ManagerImpl.java:135)
	at org.jboss.arquillian.test.impl.EventTestRunnerAdaptor.test(EventTestRunnerAdaptor.java:111)
	at org.jboss.arquillian.junit.Arquillian$6.evaluate(Arquillian.java:263)
	at org.jboss.arquillian.junit.Arquillian$4.evaluate(Arquillian.java:226)
	at org.jboss.arquillian.junit.Arquillian.multiExecute(Arquillian.java:314)
	at org.jboss.arquillian.junit.Arquillian.access$100(Arquillian.java:46)
	at org.jboss.arquillian.junit.Arquillian$5.evaluate(Arquillian.java:240)
	at org.junit.rules.TestWatcher$1.evaluate(TestWatcher.java:55)
	at org.junit.rules.RunRules.evaluate(RunRules.java:20)
	at org.junit.runners.ParentRunner.runLeaf(ParentRunner.java:271)
	at org.junit.runners.BlockJUnit4ClassRunner.runChild(BlockJUnit4ClassRunner.java:70)
	at org.junit.runners.BlockJUnit4ClassRunner.runChild(BlockJUnit4ClassRunner.java:50)
	at org.junit.runners.ParentRunner$3.run(ParentRunner.java:238)
	at org.junit.runners.ParentRunner$1.schedule(ParentRunner.java:63)
	at org.junit.runners.ParentRunner.runChildren(ParentRunner.java:236)
	at org.junit.runners.ParentRunner.access$000(ParentRunner.java:53)
	at org.junit.runners.ParentRunner$2.evaluate(ParentRunner.java:229)
	at org.jboss.arquillian.junit.Arquillian$2.evaluate(Arquillian.java:185)
	at org.jboss.arquillian.junit.Arquillian.multiExecute(Arquillian.java:314)
	at org.jboss.arquillian.junit.Arquillian.access$100(Arquillian.java:46)
	at org.jboss.arquillian.junit.Arquillian$3.evaluate(Arquillian.java:199)
	at org.junit.runners.ParentRunner.run(ParentRunner.java:309)
	at org.jboss.arquillian.junit.Arquillian.run(Arquillian.java:147)
	at org.apache.maven.surefire.junit4.JUnit4Provider.execute(JUnit4Provider.java:264)
	at org.apache.maven.surefire.junit4.JUnit4Provider.executeTestSet(JUnit4Provider.java:153)
	at org.apache.maven.surefire.junit4.JUnit4Provider.invoke(JUnit4Provider.java:124)
	at org.apache.maven.surefire.booter.ForkedBooter.invokeProviderInSameClassLoader(ForkedBooter.java:200)
	at org.apache.maven.surefire.booter.ForkedBooter.runSuitesInProcess(ForkedBooter.java:153)
	at org.apache.maven.surefire.booter.ForkedBooter.main(ForkedBooter.java:103)
Caused by: net.sourceforge.htmlunit.corejs.javascript.EcmaError: ReferenceError: "WebSocket" is not defined. (http://localhost:8080/cargo-tracker/admin/js/listRouted.js#8)
	at net.sourceforge.htmlunit.corejs.javascript.ScriptRuntime.constructError(ScriptRuntime.java:3935)
	at net.sourceforge.htmlunit.corejs.javascript.ScriptRuntime.constructError(ScriptRuntime.java:3919)
	at net.sourceforge.htmlunit.corejs.javascript.ScriptRuntime.notFoundError(ScriptRuntime.java:3996)
	at net.sourceforge.htmlunit.corejs.javascript.ScriptRuntime.nameOrFunction(ScriptRuntime.java:1910)
	at net.sourceforge.htmlunit.corejs.javascript.ScriptRuntime.name(ScriptRuntime.java:1851)
	at net.sourceforge.htmlunit.corejs.javascript.Interpreter.interpretLoop(Interpreter.java:1627)
	at net.sourceforge.htmlunit.corejs.javascript.Interpreter.interpret(Interpreter.java:798)
	at net.sourceforge.htmlunit.corejs.javascript.InterpretedFunction.call(InterpretedFunction.java:105)
	at net.sourceforge.htmlunit.corejs.javascript.ContextFactory.doTopCall(ContextFactory.java:411)
	at com.gargoylesoftware.htmlunit.javascript.HtmlUnitContextFactory.doTopCall(HtmlUnitContextFactory.java:310)
	at net.sourceforge.htmlunit.corejs.javascript.ScriptRuntime.doTopCall(ScriptRuntime.java:3286)
	at net.sourceforge.htmlunit.corejs.javascript.InterpretedFunction.exec(InterpretedFunction.java:115)
	at com.gargoylesoftware.htmlunit.javascript.JavaScriptEngine$3.doRun(JavaScriptEngine.java:738)
	at com.gargoylesoftware.htmlunit.javascript.JavaScriptEngine$HtmlUnitContextAction.run(JavaScriptEngine.java:850)
	... 118 more
Enclosed exception: 
net.sourceforge.htmlunit.corejs.javascript.EcmaError: ReferenceError: "WebSocket" is not defined. (http://localhost:8080/cargo-tracker/admin/js/listRouted.js#8)
	at net.sourceforge.htmlunit.corejs.javascript.ScriptRuntime.constructError(ScriptRuntime.java:3935)
	at net.sourceforge.htmlunit.corejs.javascript.ScriptRuntime.constructError(ScriptRuntime.java:3919)
	at net.sourceforge.htmlunit.corejs.javascript.ScriptRuntime.notFoundError(ScriptRuntime.java:3996)
	at net.sourceforge.htmlunit.corejs.javascript.ScriptRuntime.nameOrFunction(ScriptRuntime.java:1910)
	at net.sourceforge.htmlunit.corejs.javascript.ScriptRuntime.name(ScriptRuntime.java:1851)
	at net.sourceforge.htmlunit.corejs.javascript.Interpreter.interpretLoop(Interpreter.java:1627)
	at script(http://localhost:8080/cargo-tracker/admin/js/listRouted.js:8)
	at script(http://localhost:8080/cargo-tracker/admin/js/listRouted.js:6)
	at net.sourceforge.htmlunit.corejs.javascript.Interpreter.interpret(Interpreter.java:798)
	at net.sourceforge.htmlunit.corejs.javascript.InterpretedFunction.call(InterpretedFunction.java:105)
	at net.sourceforge.htmlunit.corejs.javascript.ContextFactory.doTopCall(ContextFactory.java:411)
	at com.gargoylesoftware.htmlunit.javascript.HtmlUnitContextFactory.doTopCall(HtmlUnitContextFactory.java:310)
	at net.sourceforge.htmlunit.corejs.javascript.ScriptRuntime.doTopCall(ScriptRuntime.java:3286)
	at net.sourceforge.htmlunit.corejs.javascript.InterpretedFunction.exec(InterpretedFunction.java:115)
	at com.gargoylesoftware.htmlunit.javascript.JavaScriptEngine$3.doRun(JavaScriptEngine.java:738)
	at com.gargoylesoftware.htmlunit.javascript.JavaScriptEngine$HtmlUnitContextAction.run(JavaScriptEngine.java:850)
	at net.sourceforge.htmlunit.corejs.javascript.Context.call(Context.java:628)
	at net.sourceforge.htmlunit.corejs.javascript.ContextFactory.call(ContextFactory.java:513)
	at com.gargoylesoftware.htmlunit.javascript.JavaScriptEngine.execute(JavaScriptEngine.java:747)
	at com.gargoylesoftware.htmlunit.html.HtmlPage.loadExternalJavaScriptFile(HtmlPage.java:1032)
	at com.gargoylesoftware.htmlunit.html.HtmlScript.executeScriptIfNeeded(HtmlScript.java:395)
	at com.gargoylesoftware.htmlunit.html.HtmlScript$3.execute(HtmlScript.java:270)
	at com.gargoylesoftware.htmlunit.html.HtmlScript.onAllChildrenAddedToPage(HtmlScript.java:290)
	at com.gargoylesoftware.htmlunit.html.HTMLParser$HtmlUnitDOMBuilder.endElement(HTMLParser.java:800)
	at org.apache.xerces.parsers.AbstractSAXParser.endElement(Unknown Source)
	at com.gargoylesoftware.htmlunit.html.HTMLParser$HtmlUnitDOMBuilder.endElement(HTMLParser.java:757)
	at org.cyberneko.html.HTMLTagBalancer.callEndElement(HTMLTagBalancer.java:1170)
	at org.cyberneko.html.HTMLTagBalancer.endElement(HTMLTagBalancer.java:1072)
	at org.cyberneko.html.filters.DefaultFilter.endElement(DefaultFilter.java:206)
	at org.cyberneko.html.filters.NamespaceBinder.endElement(NamespaceBinder.java:330)
	at org.cyberneko.html.HTMLScanner$ContentScanner.scanEndElement(HTMLScanner.java:3126)
	at org.cyberneko.html.HTMLScanner$ContentScanner.scan(HTMLScanner.java:2093)
	at org.cyberneko.html.HTMLScanner.scanDocument(HTMLScanner.java:920)
	at org.cyberneko.html.HTMLConfiguration.parse(HTMLConfiguration.java:499)
	at org.cyberneko.html.HTMLConfiguration.parse(HTMLConfiguration.java:452)
	at org.apache.xerces.parsers.XMLParser.parse(Unknown Source)
	at com.gargoylesoftware.htmlunit.html.HTMLParser$HtmlUnitDOMBuilder.parse(HTMLParser.java:1040)
	at com.gargoylesoftware.htmlunit.html.HTMLParser.parse(HTMLParser.java:253)
	at com.gargoylesoftware.htmlunit.html.HTMLParser.parseHtml(HTMLParser.java:199)
	at com.gargoylesoftware.htmlunit.DefaultPageCreator.createHtmlPage(DefaultPageCreator.java:272)
	at com.gargoylesoftware.htmlunit.DefaultPageCreator.createPage(DefaultPageCreator.java:160)
	at com.gargoylesoftware.htmlunit.WebClient.loadWebResponseInto(WebClient.java:476)
	at com.gargoylesoftware.htmlunit.WebClient.loadDownloadedResponses(WebClient.java:2123)
	at com.gargoylesoftware.htmlunit.javascript.JavaScriptEngine.doProcessPostponedActions(JavaScriptEngine.java:893)
	at com.gargoylesoftware.htmlunit.javascript.JavaScriptEngine.processPostponedActions(JavaScriptEngine.java:983)
	at com.gargoylesoftware.htmlunit.html.DomElement.click(DomElement.java:790)
	at com.gargoylesoftware.htmlunit.html.DomElement.click(DomElement.java:733)
	at com.gargoylesoftware.htmlunit.html.DomElement.click(DomElement.java:680)
	at fish.payara.cargotracker.integration.TrackExistingTest.testAdminTrackingId1(TrackExistingTest.java:163)
	at sun.reflect.NativeMethodAccessorImpl.invoke0(Native Method)
	at sun.reflect.NativeMethodAccessorImpl.invoke(NativeMethodAccessorImpl.java:57)
	at sun.reflect.DelegatingMethodAccessorImpl.invoke(DelegatingMethodAccessorImpl.java:43)
	at java.lang.reflect.Method.invoke(Method.java:606)
	at org.junit.runners.model.FrameworkMethod$1.runReflectiveCall(FrameworkMethod.java:47)
	at org.junit.internal.runners.model.ReflectiveCallable.run(ReflectiveCallable.java:12)
	at org.junit.runners.model.FrameworkMethod.invokeExplosively(FrameworkMethod.java:44)
	at org.jboss.arquillian.junit.Arquillian$6$1.invoke(Arquillian.java:270)
	at org.jboss.arquillian.container.test.impl.execution.LocalTestExecuter.execute(LocalTestExecuter.java:60)
	at sun.reflect.NativeMethodAccessorImpl.invoke0(Native Method)
	at sun.reflect.NativeMethodAccessorImpl.invoke(NativeMethodAccessorImpl.java:57)
	at sun.reflect.DelegatingMethodAccessorImpl.invoke(DelegatingMethodAccessorImpl.java:43)
	at java.lang.reflect.Method.invoke(Method.java:606)
	at org.jboss.arquillian.core.impl.ObserverImpl.invoke(ObserverImpl.java:94)
	at org.jboss.arquillian.core.impl.EventContextImpl.invokeObservers(EventContextImpl.java:99)
	at org.jboss.arquillian.core.impl.EventContextImpl.proceed(EventContextImpl.java:81)
	at org.jboss.arquillian.core.impl.ManagerImpl.fire(ManagerImpl.java:135)
	at org.jboss.arquillian.core.impl.ManagerImpl.fire(ManagerImpl.java:115)
	at org.jboss.arquillian.core.impl.EventImpl.fire(EventImpl.java:67)
	at org.jboss.arquillian.container.test.impl.execution.ClientTestExecuter.execute(ClientTestExecuter.java:53)
	at sun.reflect.NativeMethodAccessorImpl.invoke0(Native Method)
	at sun.reflect.NativeMethodAccessorImpl.invoke(NativeMethodAccessorImpl.java:57)
	at sun.reflect.DelegatingMethodAccessorImpl.invoke(DelegatingMethodAccessorImpl.java:43)
	at java.lang.reflect.Method.invoke(Method.java:606)
	at org.jboss.arquillian.core.impl.ObserverImpl.invoke(ObserverImpl.java:94)
	at org.jboss.arquillian.core.impl.EventContextImpl.invokeObservers(EventContextImpl.java:99)
	at org.jboss.arquillian.core.impl.EventContextImpl.proceed(EventContextImpl.java:81)
	at org.jboss.arquillian.container.test.impl.client.ContainerEventController.createContext(ContainerEventController.java:142)
	at org.jboss.arquillian.container.test.impl.client.ContainerEventController.createTestContext(ContainerEventController.java:129)
	at sun.reflect.NativeMethodAccessorImpl.invoke0(Native Method)
	at sun.reflect.NativeMethodAccessorImpl.invoke(NativeMethodAccessorImpl.java:57)
	at sun.reflect.DelegatingMethodAccessorImpl.invoke(DelegatingMethodAccessorImpl.java:43)
	at java.lang.reflect.Method.invoke(Method.java:606)
	at org.jboss.arquillian.core.impl.ObserverImpl.invoke(ObserverImpl.java:94)
	at org.jboss.arquillian.core.impl.EventContextImpl.proceed(EventContextImpl.java:88)
	at org.jboss.arquillian.test.impl.TestContextHandler.createTestContext(TestContextHandler.java:89)
	at sun.reflect.NativeMethodAccessorImpl.invoke0(Native Method)
	at sun.reflect.NativeMethodAccessorImpl.invoke(NativeMethodAccessorImpl.java:57)
	at sun.reflect.DelegatingMethodAccessorImpl.invoke(DelegatingMethodAccessorImpl.java:43)
	at java.lang.reflect.Method.invoke(Method.java:606)
	at org.jboss.arquillian.core.impl.ObserverImpl.invoke(ObserverImpl.java:94)
	at org.jboss.arquillian.core.impl.EventContextImpl.proceed(EventContextImpl.java:88)
	at org.jboss.arquillian.test.impl.TestContextHandler.createSuiteContext(TestContextHandler.java:60)
	at sun.reflect.NativeMethodAccessorImpl.invoke0(Native Method)
	at sun.reflect.NativeMethodAccessorImpl.invoke(NativeMethodAccessorImpl.java:57)
	at sun.reflect.DelegatingMethodAccessorImpl.invoke(DelegatingMethodAccessorImpl.java:43)
	at java.lang.reflect.Method.invoke(Method.java:606)
	at org.jboss.arquillian.core.impl.ObserverImpl.invoke(ObserverImpl.java:94)
	at org.jboss.arquillian.core.impl.EventContextImpl.proceed(EventContextImpl.java:88)
	at org.jboss.arquillian.test.impl.TestContextHandler.createClassContext(TestContextHandler.java:75)
	at sun.reflect.NativeMethodAccessorImpl.invoke0(Native Method)
	at sun.reflect.NativeMethodAccessorImpl.invoke(NativeMethodAccessorImpl.java:57)
	at sun.reflect.DelegatingMethodAccessorImpl.invoke(DelegatingMethodAccessorImpl.java:43)
	at java.lang.reflect.Method.invoke(Method.java:606)
	at org.jboss.arquillian.core.impl.ObserverImpl.invoke(ObserverImpl.java:94)
	at org.jboss.arquillian.core.impl.EventContextImpl.proceed(EventContextImpl.java:88)
	at org.jboss.arquillian.core.impl.ManagerImpl.fire(ManagerImpl.java:135)
	at org.jboss.arquillian.test.impl.EventTestRunnerAdaptor.test(EventTestRunnerAdaptor.java:111)
	at org.jboss.arquillian.junit.Arquillian$6.evaluate(Arquillian.java:263)
	at org.jboss.arquillian.junit.Arquillian$4.evaluate(Arquillian.java:226)
	at org.jboss.arquillian.junit.Arquillian.multiExecute(Arquillian.java:314)
	at org.jboss.arquillian.junit.Arquillian.access$100(Arquillian.java:46)
	at org.jboss.arquillian.junit.Arquillian$5.evaluate(Arquillian.java:240)
	at org.junit.rules.TestWatcher$1.evaluate(TestWatcher.java:55)
	at org.junit.rules.RunRules.evaluate(RunRules.java:20)
	at org.junit.runners.ParentRunner.runLeaf(ParentRunner.java:271)
	at org.junit.runners.BlockJUnit4ClassRunner.runChild(BlockJUnit4ClassRunner.java:70)
	at org.junit.runners.BlockJUnit4ClassRunner.runChild(BlockJUnit4ClassRunner.java:50)
	at org.junit.runners.ParentRunner$3.run(ParentRunner.java:238)
	at org.junit.runners.ParentRunner$1.schedule(ParentRunner.java:63)
	at org.junit.runners.ParentRunner.runChildren(ParentRunner.java:236)
	at org.junit.runners.ParentRunner.access$000(ParentRunner.java:53)
	at org.junit.runners.ParentRunner$2.evaluate(ParentRunner.java:229)
	at org.jboss.arquillian.junit.Arquillian$2.evaluate(Arquillian.java:185)
	at org.jboss.arquillian.junit.Arquillian.multiExecute(Arquillian.java:314)
	at org.jboss.arquillian.junit.Arquillian.access$100(Arquillian.java:46)
	at org.jboss.arquillian.junit.Arquillian$3.evaluate(Arquillian.java:199)
	at org.junit.runners.ParentRunner.run(ParentRunner.java:309)
	at org.jboss.arquillian.junit.Arquillian.run(Arquillian.java:147)
	at org.apache.maven.surefire.junit4.JUnit4Provider.execute(JUnit4Provider.java:264)
	at org.apache.maven.surefire.junit4.JUnit4Provider.executeTestSet(JUnit4Provider.java:153)
	at org.apache.maven.surefire.junit4.JUnit4Provider.invoke(JUnit4Provider.java:124)
	at org.apache.maven.surefire.booter.ForkedBooter.invokeProviderInSameClassLoader(ForkedBooter.java:200)
	at org.apache.maven.surefire.booter.ForkedBooter.runSuitesInProcess(ForkedBooter.java:153)
	at org.apache.maven.surefire.booter.ForkedBooter.main(ForkedBooter.java:103)
======= EXCEPTION END ========

Nov 20, 2015 8:39:57 AM com.gargoylesoftware.htmlunit.IncorrectnessListenerImpl notify
WARNING: Obsolete content type encountered: 'text/javascript'.
Nov 20, 2015 8:39:57 AM com.gargoylesoftware.htmlunit.javascript.StrictErrorReporter runtimeError
SEVERE: runtimeError: message=[An invalid or illegal selector was specified (selector: ':checked' error: Invalid selector: *:checked).] sourceName=[http://localhost:8080/cargo-tracker/javax.faces.resource/foundation/js/vendor/jquery.js.xhtml] line=[1612] lineSource=[null] lineOffset=[0]
Nov 20, 2015 8:39:57 AM com.gargoylesoftware.htmlunit.javascript.StrictErrorReporter runtimeError
SEVERE: runtimeError: message=[An invalid or illegal selector was specified (selector: ':enabled' error: Invalid selector: *:enabled).] sourceName=[http://localhost:8080/cargo-tracker/javax.faces.resource/foundation/js/vendor/jquery.js.xhtml] line=[1634] lineSource=[null] lineOffset=[0]
Nov 20, 2015 8:39:57 AM com.gargoylesoftware.htmlunit.javascript.StrictErrorReporter runtimeError
SEVERE: runtimeError: message=[The data necessary to complete this operation is not yet available.] sourceName=[http://localhost:8080/cargo-tracker/javax.faces.resource/foundation/js/vendor/jquery.js.xhtml] line=[960] lineSource=[null] lineOffset=[0]
Nov 20, 2015 8:39:57 AM com.gargoylesoftware.htmlunit.DefaultCssErrorHandler error
WARNING: CSS error: 'http://localhost:8080/cargo-tracker/javax.faces.resource/foundation/css/foundation.css.xhtml' [103:3] Error in declaration. '*' is not allowed as first char of a property.
Nov 20, 2015 8:39:57 AM com.gargoylesoftware.htmlunit.DefaultCssErrorHandler error
WARNING: CSS error: 'http://localhost:8080/cargo-tracker/javax.faces.resource/foundation/css/foundation.css.xhtml' [125:5] Error in declaration. '*' is not allowed as first char of a property.
Nov 20, 2015 8:39:57 AM com.gargoylesoftware.htmlunit.DefaultCssErrorHandler error
WARNING: CSS error: 'http://localhost:8080/cargo-tracker/javax.faces.resource/foundation/css/foundation.css.xhtml' [135:7] Error in declaration. '*' is not allowed as first char of a property.
Nov 20, 2015 8:39:57 AM com.gargoylesoftware.htmlunit.DefaultCssErrorHandler error
WARNING: CSS error: 'http://localhost:8080/cargo-tracker/javax.faces.resource/foundation/css/foundation.css.xhtml' [775:5] Error in declaration. '*' is not allowed as first char of a property.
Nov 20, 2015 8:39:57 AM com.gargoylesoftware.htmlunit.DefaultCssErrorHandler error
WARNING: CSS error: 'http://localhost:8080/cargo-tracker/javax.faces.resource/foundation/css/foundation.css.xhtml' [1854:3] Error in declaration. '*' is not allowed as first char of a property.
Nov 20, 2015 8:39:57 AM com.gargoylesoftware.htmlunit.DefaultCssErrorHandler error
WARNING: CSS error: 'http://localhost:8080/cargo-tracker/javax.faces.resource/foundation/css/foundation.css.xhtml' [1923:3] Error in declaration. '*' is not allowed as first char of a property.
Nov 20, 2015 8:39:57 AM com.gargoylesoftware.htmlunit.DefaultCssErrorHandler error
WARNING: CSS error: 'http://localhost:8080/cargo-tracker/javax.faces.resource/foundation/css/foundation.css.xhtml' [3042:5] Error in declaration. '*' is not allowed as first char of a property.
Nov 20, 2015 8:39:57 AM com.gargoylesoftware.htmlunit.DefaultCssErrorHandler error
WARNING: CSS error: 'http://localhost:8080/cargo-tracker/javax.faces.resource/foundation/css/foundation.css.xhtml' [3614:3] Error in declaration. '*' is not allowed as first char of a property.
Nov 20, 2015 8:39:57 AM com.gargoylesoftware.htmlunit.javascript.StrictErrorReporter runtimeError
SEVERE: runtimeError: message=[The data necessary to complete this operation is not yet available.] sourceName=[http://localhost:8080/cargo-tracker/javax.faces.resource/foundation/js/vendor/jquery.js.xhtml] line=[960] lineSource=[null] lineOffset=[0]
Nov 20, 2015 8:39:57 AM com.gargoylesoftware.htmlunit.IncorrectnessListenerImpl notify
WARNING: Obsolete content type encountered: 'text/javascript'.
Nov 20, 2015 8:39:57 AM com.gargoylesoftware.htmlunit.javascript.StrictErrorReporter runtimeError
SEVERE: runtimeError: message=[The data necessary to complete this operation is not yet available.] sourceName=[http://localhost:8080/cargo-tracker/javax.faces.resource/foundation/js/vendor/jquery.js.xhtml] line=[960] lineSource=[null] lineOffset=[0]
Nov 20, 2015 8:39:57 AM com.gargoylesoftware.htmlunit.IncorrectnessListenerImpl notify
WARNING: Obsolete content type encountered: 'text/javascript'.
Nov 20, 2015 8:39:57 AM com.gargoylesoftware.htmlunit.javascript.StrictErrorReporter runtimeError
SEVERE: runtimeError: message=[An invalid or illegal selector was specified (selector: ':checked' error: Invalid selector: *:checked).] sourceName=[http://localhost:8080/cargo-tracker/javax.faces.resource/foundation/js/vendor/jquery.js.xhtml] line=[1612] lineSource=[null] lineOffset=[0]
Nov 20, 2015 8:39:57 AM com.gargoylesoftware.htmlunit.javascript.StrictErrorReporter runtimeError
SEVERE: runtimeError: message=[An invalid or illegal selector was specified (selector: ':enabled' error: Invalid selector: *:enabled).] sourceName=[http://localhost:8080/cargo-tracker/javax.faces.resource/foundation/js/vendor/jquery.js.xhtml] line=[1634] lineSource=[null] lineOffset=[0]
Nov 20, 2015 8:39:57 AM com.gargoylesoftware.htmlunit.javascript.StrictErrorReporter runtimeError
SEVERE: runtimeError: message=[The data necessary to complete this operation is not yet available.] sourceName=[http://localhost:8080/cargo-tracker/javax.faces.resource/foundation/js/vendor/jquery.js.xhtml] line=[960] lineSource=[null] lineOffset=[0]
Nov 20, 2015 8:39:57 AM com.gargoylesoftware.htmlunit.DefaultCssErrorHandler error
WARNING: CSS error: 'http://localhost:8080/cargo-tracker/javax.faces.resource/foundation/css/foundation.css.xhtml' [103:3] Error in declaration. '*' is not allowed as first char of a property.
Nov 20, 2015 8:39:57 AM com.gargoylesoftware.htmlunit.DefaultCssErrorHandler error
WARNING: CSS error: 'http://localhost:8080/cargo-tracker/javax.faces.resource/foundation/css/foundation.css.xhtml' [125:5] Error in declaration. '*' is not allowed as first char of a property.
Nov 20, 2015 8:39:57 AM com.gargoylesoftware.htmlunit.DefaultCssErrorHandler error
WARNING: CSS error: 'http://localhost:8080/cargo-tracker/javax.faces.resource/foundation/css/foundation.css.xhtml' [135:7] Error in declaration. '*' is not allowed as first char of a property.
Nov 20, 2015 8:39:57 AM com.gargoylesoftware.htmlunit.DefaultCssErrorHandler error
WARNING: CSS error: 'http://localhost:8080/cargo-tracker/javax.faces.resource/foundation/css/foundation.css.xhtml' [775:5] Error in declaration. '*' is not allowed as first char of a property.
Nov 20, 2015 8:39:57 AM com.gargoylesoftware.htmlunit.DefaultCssErrorHandler error
WARNING: CSS error: 'http://localhost:8080/cargo-tracker/javax.faces.resource/foundation/css/foundation.css.xhtml' [1854:3] Error in declaration. '*' is not allowed as first char of a property.
Nov 20, 2015 8:39:57 AM com.gargoylesoftware.htmlunit.DefaultCssErrorHandler error
WARNING: CSS error: 'http://localhost:8080/cargo-tracker/javax.faces.resource/foundation/css/foundation.css.xhtml' [1923:3] Error in declaration. '*' is not allowed as first char of a property.
Nov 20, 2015 8:39:57 AM com.gargoylesoftware.htmlunit.DefaultCssErrorHandler error
WARNING: CSS error: 'http://localhost:8080/cargo-tracker/javax.faces.resource/foundation/css/foundation.css.xhtml' [3042:5] Error in declaration. '*' is not allowed as first char of a property.
Nov 20, 2015 8:39:57 AM com.gargoylesoftware.htmlunit.DefaultCssErrorHandler error
WARNING: CSS error: 'http://localhost:8080/cargo-tracker/javax.faces.resource/foundation/css/foundation.css.xhtml' [3614:3] Error in declaration. '*' is not allowed as first char of a property.
Nov 20, 2015 8:39:57 AM com.gargoylesoftware.htmlunit.IncorrectnessListenerImpl notify
WARNING: Obsolete content type encountered: 'text/javascript'.
Nov 20, 2015 8:39:58 AM com.gargoylesoftware.htmlunit.IncorrectnessListenerImpl notify
WARNING: Obsolete content type encountered: 'text/javascript'.
Nov 20, 2015 8:39:58 AM com.gargoylesoftware.htmlunit.javascript.StrictErrorReporter runtimeError
SEVERE: runtimeError: message=[An invalid or illegal selector was specified (selector: ':checked' error: Invalid selector: *:checked).] sourceName=[http://localhost:8080/cargo-tracker/javax.faces.resource/foundation/js/vendor/jquery.js.xhtml] line=[1612] lineSource=[null] lineOffset=[0]
Nov 20, 2015 8:39:58 AM com.gargoylesoftware.htmlunit.javascript.StrictErrorReporter runtimeError
SEVERE: runtimeError: message=[An invalid or illegal selector was specified (selector: ':enabled' error: Invalid selector: *:enabled).] sourceName=[http://localhost:8080/cargo-tracker/javax.faces.resource/foundation/js/vendor/jquery.js.xhtml] line=[1634] lineSource=[null] lineOffset=[0]
Nov 20, 2015 8:39:58 AM com.gargoylesoftware.htmlunit.javascript.StrictErrorReporter runtimeError
SEVERE: runtimeError: message=[The data necessary to complete this operation is not yet available.] sourceName=[http://localhost:8080/cargo-tracker/javax.faces.resource/foundation/js/vendor/jquery.js.xhtml] line=[960] lineSource=[null] lineOffset=[0]
Nov 20, 2015 8:39:58 AM com.gargoylesoftware.htmlunit.DefaultCssErrorHandler error
WARNING: CSS error: 'http://localhost:8080/cargo-tracker/javax.faces.resource/foundation/css/foundation.css.xhtml' [103:3] Error in declaration. '*' is not allowed as first char of a property.
Nov 20, 2015 8:39:58 AM com.gargoylesoftware.htmlunit.DefaultCssErrorHandler error
WARNING: CSS error: 'http://localhost:8080/cargo-tracker/javax.faces.resource/foundation/css/foundation.css.xhtml' [125:5] Error in declaration. '*' is not allowed as first char of a property.
Nov 20, 2015 8:39:58 AM com.gargoylesoftware.htmlunit.DefaultCssErrorHandler error
WARNING: CSS error: 'http://localhost:8080/cargo-tracker/javax.faces.resource/foundation/css/foundation.css.xhtml' [135:7] Error in declaration. '*' is not allowed as first char of a property.
Nov 20, 2015 8:39:58 AM com.gargoylesoftware.htmlunit.DefaultCssErrorHandler error
WARNING: CSS error: 'http://localhost:8080/cargo-tracker/javax.faces.resource/foundation/css/foundation.css.xhtml' [775:5] Error in declaration. '*' is not allowed as first char of a property.
Nov 20, 2015 8:39:58 AM com.gargoylesoftware.htmlunit.DefaultCssErrorHandler error
WARNING: CSS error: 'http://localhost:8080/cargo-tracker/javax.faces.resource/foundation/css/foundation.css.xhtml' [1854:3] Error in declaration. '*' is not allowed as first char of a property.
Nov 20, 2015 8:39:58 AM com.gargoylesoftware.htmlunit.DefaultCssErrorHandler error
WARNING: CSS error: 'http://localhost:8080/cargo-tracker/javax.faces.resource/foundation/css/foundation.css.xhtml' [1923:3] Error in declaration. '*' is not allowed as first char of a property.
Nov 20, 2015 8:39:58 AM com.gargoylesoftware.htmlunit.DefaultCssErrorHandler error
WARNING: CSS error: 'http://localhost:8080/cargo-tracker/javax.faces.resource/foundation/css/foundation.css.xhtml' [3042:5] Error in declaration. '*' is not allowed as first char of a property.
Nov 20, 2015 8:39:58 AM com.gargoylesoftware.htmlunit.DefaultCssErrorHandler error
WARNING: CSS error: 'http://localhost:8080/cargo-tracker/javax.faces.resource/foundation/css/foundation.css.xhtml' [3614:3] Error in declaration. '*' is not allowed as first char of a property.
Nov 20, 2015 8:39:58 AM com.gargoylesoftware.htmlunit.IncorrectnessListenerImpl notify
WARNING: Obsolete content type encountered: 'text/javascript'.
</system-err>
  </testcase>
  <testcase name="testAdminTrackingId2" classname="fish.payara.cargotracker.integration.TrackExistingTest" time="1.554">
    <failure message="Handling history did not show expected first event." type="java.lang.AssertionError">java.lang.AssertionError: Handling history did not show expected first event.
	at org.junit.Assert.fail(Assert.java:88)
	at org.junit.Assert.assertTrue(Assert.java:41)
	at fish.payara.cargotracker.integration.TrackExistingTest.testAdminTrackingId2(TrackExistingTest.java:194)
</failure>
    <system-out>http://localhost:8080/cargo-tracker/index.xhtml
JKL567
</system-out>
    <system-err>Nov 20, 2015 8:39:58 AM fish.payara.cargotracker.integration.TrackExistingTest testAdminTrackingId2
INFO: Starting automated test to track Id "JKL567" through admin interface.
Nov 20, 2015 8:39:58 AM com.gargoylesoftware.htmlunit.IncorrectnessListenerImpl notify
WARNING: Obsolete content type encountered: 'text/javascript'.
Nov 20, 2015 8:39:58 AM com.gargoylesoftware.htmlunit.javascript.JavaScriptEngine handleJavaScriptException
INFO: Caught script exception
======= EXCEPTION START ========
EcmaError: lineNumber=[8] column=[0] lineSource=[&lt;no source&gt;] name=[ReferenceError] sourceName=[http://localhost:8080/cargo-tracker/admin/js/listRouted.js] message=[ReferenceError: "WebSocket" is not defined. (http://localhost:8080/cargo-tracker/admin/js/listRouted.js#8)]
com.gargoylesoftware.htmlunit.ScriptException: ReferenceError: "WebSocket" is not defined. (http://localhost:8080/cargo-tracker/admin/js/listRouted.js#8)
	at com.gargoylesoftware.htmlunit.javascript.JavaScriptEngine$HtmlUnitContextAction.run(JavaScriptEngine.java:865)
	at net.sourceforge.htmlunit.corejs.javascript.Context.call(Context.java:628)
	at net.sourceforge.htmlunit.corejs.javascript.ContextFactory.call(ContextFactory.java:513)
	at com.gargoylesoftware.htmlunit.javascript.JavaScriptEngine.execute(JavaScriptEngine.java:747)
	at com.gargoylesoftware.htmlunit.html.HtmlPage.loadExternalJavaScriptFile(HtmlPage.java:1032)
	at com.gargoylesoftware.htmlunit.html.HtmlScript.executeScriptIfNeeded(HtmlScript.java:395)
	at com.gargoylesoftware.htmlunit.html.HtmlScript$3.execute(HtmlScript.java:270)
	at com.gargoylesoftware.htmlunit.html.HtmlScript.onAllChildrenAddedToPage(HtmlScript.java:290)
	at com.gargoylesoftware.htmlunit.html.HTMLParser$HtmlUnitDOMBuilder.endElement(HTMLParser.java:800)
	at org.apache.xerces.parsers.AbstractSAXParser.endElement(Unknown Source)
	at com.gargoylesoftware.htmlunit.html.HTMLParser$HtmlUnitDOMBuilder.endElement(HTMLParser.java:757)
	at org.cyberneko.html.HTMLTagBalancer.callEndElement(HTMLTagBalancer.java:1170)
	at org.cyberneko.html.HTMLTagBalancer.endElement(HTMLTagBalancer.java:1072)
	at org.cyberneko.html.filters.DefaultFilter.endElement(DefaultFilter.java:206)
	at org.cyberneko.html.filters.NamespaceBinder.endElement(NamespaceBinder.java:330)
	at org.cyberneko.html.HTMLScanner$ContentScanner.scanEndElement(HTMLScanner.java:3126)
	at org.cyberneko.html.HTMLScanner$ContentScanner.scan(HTMLScanner.java:2093)
	at org.cyberneko.html.HTMLScanner.scanDocument(HTMLScanner.java:920)
	at org.cyberneko.html.HTMLConfiguration.parse(HTMLConfiguration.java:499)
	at org.cyberneko.html.HTMLConfiguration.parse(HTMLConfiguration.java:452)
	at org.apache.xerces.parsers.XMLParser.parse(Unknown Source)
	at com.gargoylesoftware.htmlunit.html.HTMLParser$HtmlUnitDOMBuilder.parse(HTMLParser.java:1040)
	at com.gargoylesoftware.htmlunit.html.HTMLParser.parse(HTMLParser.java:253)
	at com.gargoylesoftware.htmlunit.html.HTMLParser.parseHtml(HTMLParser.java:199)
	at com.gargoylesoftware.htmlunit.DefaultPageCreator.createHtmlPage(DefaultPageCreator.java:272)
	at com.gargoylesoftware.htmlunit.DefaultPageCreator.createPage(DefaultPageCreator.java:160)
	at com.gargoylesoftware.htmlunit.WebClient.loadWebResponseInto(WebClient.java:476)
	at com.gargoylesoftware.htmlunit.WebClient.loadDownloadedResponses(WebClient.java:2123)
	at com.gargoylesoftware.htmlunit.javascript.JavaScriptEngine.doProcessPostponedActions(JavaScriptEngine.java:893)
	at com.gargoylesoftware.htmlunit.javascript.JavaScriptEngine.processPostponedActions(JavaScriptEngine.java:983)
	at com.gargoylesoftware.htmlunit.html.DomElement.click(DomElement.java:790)
	at com.gargoylesoftware.htmlunit.html.DomElement.click(DomElement.java:733)
	at com.gargoylesoftware.htmlunit.html.DomElement.click(DomElement.java:680)
	at fish.payara.cargotracker.integration.TrackExistingTest.testAdminTrackingId2(TrackExistingTest.java:187)
	at sun.reflect.NativeMethodAccessorImpl.invoke0(Native Method)
	at sun.reflect.NativeMethodAccessorImpl.invoke(NativeMethodAccessorImpl.java:57)
	at sun.reflect.DelegatingMethodAccessorImpl.invoke(DelegatingMethodAccessorImpl.java:43)
	at java.lang.reflect.Method.invoke(Method.java:606)
	at org.junit.runners.model.FrameworkMethod$1.runReflectiveCall(FrameworkMethod.java:47)
	at org.junit.internal.runners.model.ReflectiveCallable.run(ReflectiveCallable.java:12)
	at org.junit.runners.model.FrameworkMethod.invokeExplosively(FrameworkMethod.java:44)
	at org.jboss.arquillian.junit.Arquillian$6$1.invoke(Arquillian.java:270)
	at org.jboss.arquillian.container.test.impl.execution.LocalTestExecuter.execute(LocalTestExecuter.java:60)
	at sun.reflect.NativeMethodAccessorImpl.invoke0(Native Method)
	at sun.reflect.NativeMethodAccessorImpl.invoke(NativeMethodAccessorImpl.java:57)
	at sun.reflect.DelegatingMethodAccessorImpl.invoke(DelegatingMethodAccessorImpl.java:43)
	at java.lang.reflect.Method.invoke(Method.java:606)
	at org.jboss.arquillian.core.impl.ObserverImpl.invoke(ObserverImpl.java:94)
	at org.jboss.arquillian.core.impl.EventContextImpl.invokeObservers(EventContextImpl.java:99)
	at org.jboss.arquillian.core.impl.EventContextImpl.proceed(EventContextImpl.java:81)
	at org.jboss.arquillian.core.impl.ManagerImpl.fire(ManagerImpl.java:135)
	at org.jboss.arquillian.core.impl.ManagerImpl.fire(ManagerImpl.java:115)
	at org.jboss.arquillian.core.impl.EventImpl.fire(EventImpl.java:67)
	at org.jboss.arquillian.container.test.impl.execution.ClientTestExecuter.execute(ClientTestExecuter.java:53)
	at sun.reflect.NativeMethodAccessorImpl.invoke0(Native Method)
	at sun.reflect.NativeMethodAccessorImpl.invoke(NativeMethodAccessorImpl.java:57)
	at sun.reflect.DelegatingMethodAccessorImpl.invoke(DelegatingMethodAccessorImpl.java:43)
	at java.lang.reflect.Method.invoke(Method.java:606)
	at org.jboss.arquillian.core.impl.ObserverImpl.invoke(ObserverImpl.java:94)
	at org.jboss.arquillian.core.impl.EventContextImpl.invokeObservers(EventContextImpl.java:99)
	at org.jboss.arquillian.core.impl.EventContextImpl.proceed(EventContextImpl.java:81)
	at org.jboss.arquillian.container.test.impl.client.ContainerEventController.createContext(ContainerEventController.java:142)
	at org.jboss.arquillian.container.test.impl.client.ContainerEventController.createTestContext(ContainerEventController.java:129)
	at sun.reflect.NativeMethodAccessorImpl.invoke0(Native Method)
	at sun.reflect.NativeMethodAccessorImpl.invoke(NativeMethodAccessorImpl.java:57)
	at sun.reflect.DelegatingMethodAccessorImpl.invoke(DelegatingMethodAccessorImpl.java:43)
	at java.lang.reflect.Method.invoke(Method.java:606)
	at org.jboss.arquillian.core.impl.ObserverImpl.invoke(ObserverImpl.java:94)
	at org.jboss.arquillian.core.impl.EventContextImpl.proceed(EventContextImpl.java:88)
	at org.jboss.arquillian.test.impl.TestContextHandler.createTestContext(TestContextHandler.java:89)
	at sun.reflect.NativeMethodAccessorImpl.invoke0(Native Method)
	at sun.reflect.NativeMethodAccessorImpl.invoke(NativeMethodAccessorImpl.java:57)
	at sun.reflect.DelegatingMethodAccessorImpl.invoke(DelegatingMethodAccessorImpl.java:43)
	at java.lang.reflect.Method.invoke(Method.java:606)
	at org.jboss.arquillian.core.impl.ObserverImpl.invoke(ObserverImpl.java:94)
	at org.jboss.arquillian.core.impl.EventContextImpl.proceed(EventContextImpl.java:88)
	at org.jboss.arquillian.test.impl.TestContextHandler.createSuiteContext(TestContextHandler.java:60)
	at sun.reflect.NativeMethodAccessorImpl.invoke0(Native Method)
	at sun.reflect.NativeMethodAccessorImpl.invoke(NativeMethodAccessorImpl.java:57)
	at sun.reflect.DelegatingMethodAccessorImpl.invoke(DelegatingMethodAccessorImpl.java:43)
	at java.lang.reflect.Method.invoke(Method.java:606)
	at org.jboss.arquillian.core.impl.ObserverImpl.invoke(ObserverImpl.java:94)
	at org.jboss.arquillian.core.impl.EventContextImpl.proceed(EventContextImpl.java:88)
	at org.jboss.arquillian.test.impl.TestContextHandler.createClassContext(TestContextHandler.java:75)
	at sun.reflect.NativeMethodAccessorImpl.invoke0(Native Method)
	at sun.reflect.NativeMethodAccessorImpl.invoke(NativeMethodAccessorImpl.java:57)
	at sun.reflect.DelegatingMethodAccessorImpl.invoke(DelegatingMethodAccessorImpl.java:43)
	at java.lang.reflect.Method.invoke(Method.java:606)
	at org.jboss.arquillian.core.impl.ObserverImpl.invoke(ObserverImpl.java:94)
	at org.jboss.arquillian.core.impl.EventContextImpl.proceed(EventContextImpl.java:88)
	at org.jboss.arquillian.core.impl.ManagerImpl.fire(ManagerImpl.java:135)
	at org.jboss.arquillian.test.impl.EventTestRunnerAdaptor.test(EventTestRunnerAdaptor.java:111)
	at org.jboss.arquillian.junit.Arquillian$6.evaluate(Arquillian.java:263)
	at org.jboss.arquillian.junit.Arquillian$4.evaluate(Arquillian.java:226)
	at org.jboss.arquillian.junit.Arquillian.multiExecute(Arquillian.java:314)
	at org.jboss.arquillian.junit.Arquillian.access$100(Arquillian.java:46)
	at org.jboss.arquillian.junit.Arquillian$5.evaluate(Arquillian.java:240)
	at org.junit.rules.TestWatcher$1.evaluate(TestWatcher.java:55)
	at org.junit.rules.RunRules.evaluate(RunRules.java:20)
	at org.junit.runners.ParentRunner.runLeaf(ParentRunner.java:271)
	at org.junit.runners.BlockJUnit4ClassRunner.runChild(BlockJUnit4ClassRunner.java:70)
	at org.junit.runners.BlockJUnit4ClassRunner.runChild(BlockJUnit4ClassRunner.java:50)
	at org.junit.runners.ParentRunner$3.run(ParentRunner.java:238)
	at org.junit.runners.ParentRunner$1.schedule(ParentRunner.java:63)
	at org.junit.runners.ParentRunner.runChildren(ParentRunner.java:236)
	at org.junit.runners.ParentRunner.access$000(ParentRunner.java:53)
	at org.junit.runners.ParentRunner$2.evaluate(ParentRunner.java:229)
	at org.jboss.arquillian.junit.Arquillian$2.evaluate(Arquillian.java:185)
	at org.jboss.arquillian.junit.Arquillian.multiExecute(Arquillian.java:314)
	at org.jboss.arquillian.junit.Arquillian.access$100(Arquillian.java:46)
	at org.jboss.arquillian.junit.Arquillian$3.evaluate(Arquillian.java:199)
	at org.junit.runners.ParentRunner.run(ParentRunner.java:309)
	at org.jboss.arquillian.junit.Arquillian.run(Arquillian.java:147)
	at org.apache.maven.surefire.junit4.JUnit4Provider.execute(JUnit4Provider.java:264)
	at org.apache.maven.surefire.junit4.JUnit4Provider.executeTestSet(JUnit4Provider.java:153)
	at org.apache.maven.surefire.junit4.JUnit4Provider.invoke(JUnit4Provider.java:124)
	at org.apache.maven.surefire.booter.ForkedBooter.invokeProviderInSameClassLoader(ForkedBooter.java:200)
	at org.apache.maven.surefire.booter.ForkedBooter.runSuitesInProcess(ForkedBooter.java:153)
	at org.apache.maven.surefire.booter.ForkedBooter.main(ForkedBooter.java:103)
Caused by: net.sourceforge.htmlunit.corejs.javascript.EcmaError: ReferenceError: "WebSocket" is not defined. (http://localhost:8080/cargo-tracker/admin/js/listRouted.js#8)
	at net.sourceforge.htmlunit.corejs.javascript.ScriptRuntime.constructError(ScriptRuntime.java:3935)
	at net.sourceforge.htmlunit.corejs.javascript.ScriptRuntime.constructError(ScriptRuntime.java:3919)
	at net.sourceforge.htmlunit.corejs.javascript.ScriptRuntime.notFoundError(ScriptRuntime.java:3996)
	at net.sourceforge.htmlunit.corejs.javascript.ScriptRuntime.nameOrFunction(ScriptRuntime.java:1910)
	at net.sourceforge.htmlunit.corejs.javascript.ScriptRuntime.name(ScriptRuntime.java:1851)
	at net.sourceforge.htmlunit.corejs.javascript.Interpreter.interpretLoop(Interpreter.java:1627)
	at net.sourceforge.htmlunit.corejs.javascript.Interpreter.interpret(Interpreter.java:798)
	at net.sourceforge.htmlunit.corejs.javascript.InterpretedFunction.call(InterpretedFunction.java:105)
	at net.sourceforge.htmlunit.corejs.javascript.ContextFactory.doTopCall(ContextFactory.java:411)
	at com.gargoylesoftware.htmlunit.javascript.HtmlUnitContextFactory.doTopCall(HtmlUnitContextFactory.java:310)
	at net.sourceforge.htmlunit.corejs.javascript.ScriptRuntime.doTopCall(ScriptRuntime.java:3286)
	at net.sourceforge.htmlunit.corejs.javascript.InterpretedFunction.exec(InterpretedFunction.java:115)
	at com.gargoylesoftware.htmlunit.javascript.JavaScriptEngine$3.doRun(JavaScriptEngine.java:738)
	at com.gargoylesoftware.htmlunit.javascript.JavaScriptEngine$HtmlUnitContextAction.run(JavaScriptEngine.java:850)
	... 118 more
Enclosed exception: 
net.sourceforge.htmlunit.corejs.javascript.EcmaError: ReferenceError: "WebSocket" is not defined. (http://localhost:8080/cargo-tracker/admin/js/listRouted.js#8)
	at net.sourceforge.htmlunit.corejs.javascript.ScriptRuntime.constructError(ScriptRuntime.java:3935)
	at net.sourceforge.htmlunit.corejs.javascript.ScriptRuntime.constructError(ScriptRuntime.java:3919)
	at net.sourceforge.htmlunit.corejs.javascript.ScriptRuntime.notFoundError(ScriptRuntime.java:3996)
	at net.sourceforge.htmlunit.corejs.javascript.ScriptRuntime.nameOrFunction(ScriptRuntime.java:1910)
	at net.sourceforge.htmlunit.corejs.javascript.ScriptRuntime.name(ScriptRuntime.java:1851)
	at net.sourceforge.htmlunit.corejs.javascript.Interpreter.interpretLoop(Interpreter.java:1627)
	at script(http://localhost:8080/cargo-tracker/admin/js/listRouted.js:8)
	at script(http://localhost:8080/cargo-tracker/admin/js/listRouted.js:6)
	at net.sourceforge.htmlunit.corejs.javascript.Interpreter.interpret(Interpreter.java:798)
	at net.sourceforge.htmlunit.corejs.javascript.InterpretedFunction.call(InterpretedFunction.java:105)
	at net.sourceforge.htmlunit.corejs.javascript.ContextFactory.doTopCall(ContextFactory.java:411)
	at com.gargoylesoftware.htmlunit.javascript.HtmlUnitContextFactory.doTopCall(HtmlUnitContextFactory.java:310)
	at net.sourceforge.htmlunit.corejs.javascript.ScriptRuntime.doTopCall(ScriptRuntime.java:3286)
	at net.sourceforge.htmlunit.corejs.javascript.InterpretedFunction.exec(InterpretedFunction.java:115)
	at com.gargoylesoftware.htmlunit.javascript.JavaScriptEngine$3.doRun(JavaScriptEngine.java:738)
	at com.gargoylesoftware.htmlunit.javascript.JavaScriptEngine$HtmlUnitContextAction.run(JavaScriptEngine.java:850)
	at net.sourceforge.htmlunit.corejs.javascript.Context.call(Context.java:628)
	at net.sourceforge.htmlunit.corejs.javascript.ContextFactory.call(ContextFactory.java:513)
	at com.gargoylesoftware.htmlunit.javascript.JavaScriptEngine.execute(JavaScriptEngine.java:747)
	at com.gargoylesoftware.htmlunit.html.HtmlPage.loadExternalJavaScriptFile(HtmlPage.java:1032)
	at com.gargoylesoftware.htmlunit.html.HtmlScript.executeScriptIfNeeded(HtmlScript.java:395)
	at com.gargoylesoftware.htmlunit.html.HtmlScript$3.execute(HtmlScript.java:270)
	at com.gargoylesoftware.htmlunit.html.HtmlScript.onAllChildrenAddedToPage(HtmlScript.java:290)
	at com.gargoylesoftware.htmlunit.html.HTMLParser$HtmlUnitDOMBuilder.endElement(HTMLParser.java:800)
	at org.apache.xerces.parsers.AbstractSAXParser.endElement(Unknown Source)
	at com.gargoylesoftware.htmlunit.html.HTMLParser$HtmlUnitDOMBuilder.endElement(HTMLParser.java:757)
	at org.cyberneko.html.HTMLTagBalancer.callEndElement(HTMLTagBalancer.java:1170)
	at org.cyberneko.html.HTMLTagBalancer.endElement(HTMLTagBalancer.java:1072)
	at org.cyberneko.html.filters.DefaultFilter.endElement(DefaultFilter.java:206)
	at org.cyberneko.html.filters.NamespaceBinder.endElement(NamespaceBinder.java:330)
	at org.cyberneko.html.HTMLScanner$ContentScanner.scanEndElement(HTMLScanner.java:3126)
	at org.cyberneko.html.HTMLScanner$ContentScanner.scan(HTMLScanner.java:2093)
	at org.cyberneko.html.HTMLScanner.scanDocument(HTMLScanner.java:920)
	at org.cyberneko.html.HTMLConfiguration.parse(HTMLConfiguration.java:499)
	at org.cyberneko.html.HTMLConfiguration.parse(HTMLConfiguration.java:452)
	at org.apache.xerces.parsers.XMLParser.parse(Unknown Source)
	at com.gargoylesoftware.htmlunit.html.HTMLParser$HtmlUnitDOMBuilder.parse(HTMLParser.java:1040)
	at com.gargoylesoftware.htmlunit.html.HTMLParser.parse(HTMLParser.java:253)
	at com.gargoylesoftware.htmlunit.html.HTMLParser.parseHtml(HTMLParser.java:199)
	at com.gargoylesoftware.htmlunit.DefaultPageCreator.createHtmlPage(DefaultPageCreator.java:272)
	at com.gargoylesoftware.htmlunit.DefaultPageCreator.createPage(DefaultPageCreator.java:160)
	at com.gargoylesoftware.htmlunit.WebClient.loadWebResponseInto(WebClient.java:476)
	at com.gargoylesoftware.htmlunit.WebClient.loadDownloadedResponses(WebClient.java:2123)
	at com.gargoylesoftware.htmlunit.javascript.JavaScriptEngine.doProcessPostponedActions(JavaScriptEngine.java:893)
	at com.gargoylesoftware.htmlunit.javascript.JavaScriptEngine.processPostponedActions(JavaScriptEngine.java:983)
	at com.gargoylesoftware.htmlunit.html.DomElement.click(DomElement.java:790)
	at com.gargoylesoftware.htmlunit.html.DomElement.click(DomElement.java:733)
	at com.gargoylesoftware.htmlunit.html.DomElement.click(DomElement.java:680)
	at fish.payara.cargotracker.integration.TrackExistingTest.testAdminTrackingId2(TrackExistingTest.java:187)
	at sun.reflect.NativeMethodAccessorImpl.invoke0(Native Method)
	at sun.reflect.NativeMethodAccessorImpl.invoke(NativeMethodAccessorImpl.java:57)
	at sun.reflect.DelegatingMethodAccessorImpl.invoke(DelegatingMethodAccessorImpl.java:43)
	at java.lang.reflect.Method.invoke(Method.java:606)
	at org.junit.runners.model.FrameworkMethod$1.runReflectiveCall(FrameworkMethod.java:47)
	at org.junit.internal.runners.model.ReflectiveCallable.run(ReflectiveCallable.java:12)
	at org.junit.runners.model.FrameworkMethod.invokeExplosively(FrameworkMethod.java:44)
	at org.jboss.arquillian.junit.Arquillian$6$1.invoke(Arquillian.java:270)
	at org.jboss.arquillian.container.test.impl.execution.LocalTestExecuter.execute(LocalTestExecuter.java:60)
	at sun.reflect.NativeMethodAccessorImpl.invoke0(Native Method)
	at sun.reflect.NativeMethodAccessorImpl.invoke(NativeMethodAccessorImpl.java:57)
	at sun.reflect.DelegatingMethodAccessorImpl.invoke(DelegatingMethodAccessorImpl.java:43)
	at java.lang.reflect.Method.invoke(Method.java:606)
	at org.jboss.arquillian.core.impl.ObserverImpl.invoke(ObserverImpl.java:94)
	at org.jboss.arquillian.core.impl.EventContextImpl.invokeObservers(EventContextImpl.java:99)
	at org.jboss.arquillian.core.impl.EventContextImpl.proceed(EventContextImpl.java:81)
	at org.jboss.arquillian.core.impl.ManagerImpl.fire(ManagerImpl.java:135)
	at org.jboss.arquillian.core.impl.ManagerImpl.fire(ManagerImpl.java:115)
	at org.jboss.arquillian.core.impl.EventImpl.fire(EventImpl.java:67)
	at org.jboss.arquillian.container.test.impl.execution.ClientTestExecuter.execute(ClientTestExecuter.java:53)
	at sun.reflect.NativeMethodAccessorImpl.invoke0(Native Method)
	at sun.reflect.NativeMethodAccessorImpl.invoke(NativeMethodAccessorImpl.java:57)
	at sun.reflect.DelegatingMethodAccessorImpl.invoke(DelegatingMethodAccessorImpl.java:43)
	at java.lang.reflect.Method.invoke(Method.java:606)
	at org.jboss.arquillian.core.impl.ObserverImpl.invoke(ObserverImpl.java:94)
	at org.jboss.arquillian.core.impl.EventContextImpl.invokeObservers(EventContextImpl.java:99)
	at org.jboss.arquillian.core.impl.EventContextImpl.proceed(EventContextImpl.java:81)
	at org.jboss.arquillian.container.test.impl.client.ContainerEventController.createContext(ContainerEventController.java:142)
	at org.jboss.arquillian.container.test.impl.client.ContainerEventController.createTestContext(ContainerEventController.java:129)
	at sun.reflect.NativeMethodAccessorImpl.invoke0(Native Method)
	at sun.reflect.NativeMethodAccessorImpl.invoke(NativeMethodAccessorImpl.java:57)
	at sun.reflect.DelegatingMethodAccessorImpl.invoke(DelegatingMethodAccessorImpl.java:43)
	at java.lang.reflect.Method.invoke(Method.java:606)
	at org.jboss.arquillian.core.impl.ObserverImpl.invoke(ObserverImpl.java:94)
	at org.jboss.arquillian.core.impl.EventContextImpl.proceed(EventContextImpl.java:88)
	at org.jboss.arquillian.test.impl.TestContextHandler.createTestContext(TestContextHandler.java:89)
	at sun.reflect.NativeMethodAccessorImpl.invoke0(Native Method)
	at sun.reflect.NativeMethodAccessorImpl.invoke(NativeMethodAccessorImpl.java:57)
	at sun.reflect.DelegatingMethodAccessorImpl.invoke(DelegatingMethodAccessorImpl.java:43)
	at java.lang.reflect.Method.invoke(Method.java:606)
	at org.jboss.arquillian.core.impl.ObserverImpl.invoke(ObserverImpl.java:94)
	at org.jboss.arquillian.core.impl.EventContextImpl.proceed(EventContextImpl.java:88)
	at org.jboss.arquillian.test.impl.TestContextHandler.createSuiteContext(TestContextHandler.java:60)
	at sun.reflect.NativeMethodAccessorImpl.invoke0(Native Method)
	at sun.reflect.NativeMethodAccessorImpl.invoke(NativeMethodAccessorImpl.java:57)
	at sun.reflect.DelegatingMethodAccessorImpl.invoke(DelegatingMethodAccessorImpl.java:43)
	at java.lang.reflect.Method.invoke(Method.java:606)
	at org.jboss.arquillian.core.impl.ObserverImpl.invoke(ObserverImpl.java:94)
	at org.jboss.arquillian.core.impl.EventContextImpl.proceed(EventContextImpl.java:88)
	at org.jboss.arquillian.test.impl.TestContextHandler.createClassContext(TestContextHandler.java:75)
	at sun.reflect.NativeMethodAccessorImpl.invoke0(Native Method)
	at sun.reflect.NativeMethodAccessorImpl.invoke(NativeMethodAccessorImpl.java:57)
	at sun.reflect.DelegatingMethodAccessorImpl.invoke(DelegatingMethodAccessorImpl.java:43)
	at java.lang.reflect.Method.invoke(Method.java:606)
	at org.jboss.arquillian.core.impl.ObserverImpl.invoke(ObserverImpl.java:94)
	at org.jboss.arquillian.core.impl.EventContextImpl.proceed(EventContextImpl.java:88)
	at org.jboss.arquillian.core.impl.ManagerImpl.fire(ManagerImpl.java:135)
	at org.jboss.arquillian.test.impl.EventTestRunnerAdaptor.test(EventTestRunnerAdaptor.java:111)
	at org.jboss.arquillian.junit.Arquillian$6.evaluate(Arquillian.java:263)
	at org.jboss.arquillian.junit.Arquillian$4.evaluate(Arquillian.java:226)
	at org.jboss.arquillian.junit.Arquillian.multiExecute(Arquillian.java:314)
	at org.jboss.arquillian.junit.Arquillian.access$100(Arquillian.java:46)
	at org.jboss.arquillian.junit.Arquillian$5.evaluate(Arquillian.java:240)
	at org.junit.rules.TestWatcher$1.evaluate(TestWatcher.java:55)
	at org.junit.rules.RunRules.evaluate(RunRules.java:20)
	at org.junit.runners.ParentRunner.runLeaf(ParentRunner.java:271)
	at org.junit.runners.BlockJUnit4ClassRunner.runChild(BlockJUnit4ClassRunner.java:70)
	at org.junit.runners.BlockJUnit4ClassRunner.runChild(BlockJUnit4ClassRunner.java:50)
	at org.junit.runners.ParentRunner$3.run(ParentRunner.java:238)
	at org.junit.runners.ParentRunner$1.schedule(ParentRunner.java:63)
	at org.junit.runners.ParentRunner.runChildren(ParentRunner.java:236)
	at org.junit.runners.ParentRunner.access$000(ParentRunner.java:53)
	at org.junit.runners.ParentRunner$2.evaluate(ParentRunner.java:229)
	at org.jboss.arquillian.junit.Arquillian$2.evaluate(Arquillian.java:185)
	at org.jboss.arquillian.junit.Arquillian.multiExecute(Arquillian.java:314)
	at org.jboss.arquillian.junit.Arquillian.access$100(Arquillian.java:46)
	at org.jboss.arquillian.junit.Arquillian$3.evaluate(Arquillian.java:199)
	at org.junit.runners.ParentRunner.run(ParentRunner.java:309)
	at org.jboss.arquillian.junit.Arquillian.run(Arquillian.java:147)
	at org.apache.maven.surefire.junit4.JUnit4Provider.execute(JUnit4Provider.java:264)
	at org.apache.maven.surefire.junit4.JUnit4Provider.executeTestSet(JUnit4Provider.java:153)
	at org.apache.maven.surefire.junit4.JUnit4Provider.invoke(JUnit4Provider.java:124)
	at org.apache.maven.surefire.booter.ForkedBooter.invokeProviderInSameClassLoader(ForkedBooter.java:200)
	at org.apache.maven.surefire.booter.ForkedBooter.runSuitesInProcess(ForkedBooter.java:153)
	at org.apache.maven.surefire.booter.ForkedBooter.main(ForkedBooter.java:103)
======= EXCEPTION END ========

Nov 20, 2015 8:39:58 AM com.gargoylesoftware.htmlunit.IncorrectnessListenerImpl notify
WARNING: Obsolete content type encountered: 'text/javascript'.
Nov 20, 2015 8:39:58 AM com.gargoylesoftware.htmlunit.javascript.StrictErrorReporter runtimeError
SEVERE: runtimeError: message=[An invalid or illegal selector was specified (selector: ':checked' error: Invalid selector: *:checked).] sourceName=[http://localhost:8080/cargo-tracker/javax.faces.resource/foundation/js/vendor/jquery.js.xhtml] line=[1612] lineSource=[null] lineOffset=[0]
Nov 20, 2015 8:39:58 AM com.gargoylesoftware.htmlunit.javascript.StrictErrorReporter runtimeError
SEVERE: runtimeError: message=[An invalid or illegal selector was specified (selector: ':enabled' error: Invalid selector: *:enabled).] sourceName=[http://localhost:8080/cargo-tracker/javax.faces.resource/foundation/js/vendor/jquery.js.xhtml] line=[1634] lineSource=[null] lineOffset=[0]
Nov 20, 2015 8:39:58 AM com.gargoylesoftware.htmlunit.javascript.StrictErrorReporter runtimeError
SEVERE: runtimeError: message=[The data necessary to complete this operation is not yet available.] sourceName=[http://localhost:8080/cargo-tracker/javax.faces.resource/foundation/js/vendor/jquery.js.xhtml] line=[960] lineSource=[null] lineOffset=[0]
Nov 20, 2015 8:39:58 AM com.gargoylesoftware.htmlunit.DefaultCssErrorHandler error
WARNING: CSS error: 'http://localhost:8080/cargo-tracker/javax.faces.resource/foundation/css/foundation.css.xhtml' [103:3] Error in declaration. '*' is not allowed as first char of a property.
Nov 20, 2015 8:39:58 AM com.gargoylesoftware.htmlunit.DefaultCssErrorHandler error
WARNING: CSS error: 'http://localhost:8080/cargo-tracker/javax.faces.resource/foundation/css/foundation.css.xhtml' [125:5] Error in declaration. '*' is not allowed as first char of a property.
Nov 20, 2015 8:39:58 AM com.gargoylesoftware.htmlunit.DefaultCssErrorHandler error
WARNING: CSS error: 'http://localhost:8080/cargo-tracker/javax.faces.resource/foundation/css/foundation.css.xhtml' [135:7] Error in declaration. '*' is not allowed as first char of a property.
Nov 20, 2015 8:39:58 AM com.gargoylesoftware.htmlunit.DefaultCssErrorHandler error
WARNING: CSS error: 'http://localhost:8080/cargo-tracker/javax.faces.resource/foundation/css/foundation.css.xhtml' [775:5] Error in declaration. '*' is not allowed as first char of a property.
Nov 20, 2015 8:39:58 AM com.gargoylesoftware.htmlunit.DefaultCssErrorHandler error
WARNING: CSS error: 'http://localhost:8080/cargo-tracker/javax.faces.resource/foundation/css/foundation.css.xhtml' [1854:3] Error in declaration. '*' is not allowed as first char of a property.
Nov 20, 2015 8:39:58 AM com.gargoylesoftware.htmlunit.DefaultCssErrorHandler error
WARNING: CSS error: 'http://localhost:8080/cargo-tracker/javax.faces.resource/foundation/css/foundation.css.xhtml' [1923:3] Error in declaration. '*' is not allowed as first char of a property.
Nov 20, 2015 8:39:58 AM com.gargoylesoftware.htmlunit.DefaultCssErrorHandler error
WARNING: CSS error: 'http://localhost:8080/cargo-tracker/javax.faces.resource/foundation/css/foundation.css.xhtml' [3042:5] Error in declaration. '*' is not allowed as first char of a property.
Nov 20, 2015 8:39:58 AM com.gargoylesoftware.htmlunit.DefaultCssErrorHandler error
WARNING: CSS error: 'http://localhost:8080/cargo-tracker/javax.faces.resource/foundation/css/foundation.css.xhtml' [3614:3] Error in declaration. '*' is not allowed as first char of a property.
Nov 20, 2015 8:39:58 AM com.gargoylesoftware.htmlunit.javascript.StrictErrorReporter runtimeError
SEVERE: runtimeError: message=[The data necessary to complete this operation is not yet available.] sourceName=[http://localhost:8080/cargo-tracker/javax.faces.resource/foundation/js/vendor/jquery.js.xhtml] line=[960] lineSource=[null] lineOffset=[0]
Nov 20, 2015 8:39:58 AM com.gargoylesoftware.htmlunit.IncorrectnessListenerImpl notify
WARNING: Obsolete content type encountered: 'text/javascript'.
Nov 20, 2015 8:39:59 AM com.gargoylesoftware.htmlunit.javascript.StrictErrorReporter runtimeError
SEVERE: runtimeError: message=[The data necessary to complete this operation is not yet available.] sourceName=[http://localhost:8080/cargo-tracker/javax.faces.resource/foundation/js/vendor/jquery.js.xhtml] line=[960] lineSource=[null] lineOffset=[0]
Nov 20, 2015 8:39:59 AM com.gargoylesoftware.htmlunit.IncorrectnessListenerImpl notify
WARNING: Obsolete content type encountered: 'text/javascript'.
Nov 20, 2015 8:39:59 AM com.gargoylesoftware.htmlunit.javascript.StrictErrorReporter runtimeError
SEVERE: runtimeError: message=[An invalid or illegal selector was specified (selector: ':checked' error: Invalid selector: *:checked).] sourceName=[http://localhost:8080/cargo-tracker/javax.faces.resource/foundation/js/vendor/jquery.js.xhtml] line=[1612] lineSource=[null] lineOffset=[0]
Nov 20, 2015 8:39:59 AM com.gargoylesoftware.htmlunit.javascript.StrictErrorReporter runtimeError
SEVERE: runtimeError: message=[An invalid or illegal selector was specified (selector: ':enabled' error: Invalid selector: *:enabled).] sourceName=[http://localhost:8080/cargo-tracker/javax.faces.resource/foundation/js/vendor/jquery.js.xhtml] line=[1634] lineSource=[null] lineOffset=[0]
Nov 20, 2015 8:39:59 AM com.gargoylesoftware.htmlunit.javascript.StrictErrorReporter runtimeError
SEVERE: runtimeError: message=[The data necessary to complete this operation is not yet available.] sourceName=[http://localhost:8080/cargo-tracker/javax.faces.resource/foundation/js/vendor/jquery.js.xhtml] line=[960] lineSource=[null] lineOffset=[0]
Nov 20, 2015 8:39:59 AM com.gargoylesoftware.htmlunit.DefaultCssErrorHandler error
WARNING: CSS error: 'http://localhost:8080/cargo-tracker/javax.faces.resource/foundation/css/foundation.css.xhtml' [103:3] Error in declaration. '*' is not allowed as first char of a property.
Nov 20, 2015 8:39:59 AM com.gargoylesoftware.htmlunit.DefaultCssErrorHandler error
WARNING: CSS error: 'http://localhost:8080/cargo-tracker/javax.faces.resource/foundation/css/foundation.css.xhtml' [125:5] Error in declaration. '*' is not allowed as first char of a property.
Nov 20, 2015 8:39:59 AM com.gargoylesoftware.htmlunit.DefaultCssErrorHandler error
WARNING: CSS error: 'http://localhost:8080/cargo-tracker/javax.faces.resource/foundation/css/foundation.css.xhtml' [135:7] Error in declaration. '*' is not allowed as first char of a property.
Nov 20, 2015 8:39:59 AM com.gargoylesoftware.htmlunit.DefaultCssErrorHandler error
WARNING: CSS error: 'http://localhost:8080/cargo-tracker/javax.faces.resource/foundation/css/foundation.css.xhtml' [775:5] Error in declaration. '*' is not allowed as first char of a property.
Nov 20, 2015 8:39:59 AM com.gargoylesoftware.htmlunit.DefaultCssErrorHandler error
WARNING: CSS error: 'http://localhost:8080/cargo-tracker/javax.faces.resource/foundation/css/foundation.css.xhtml' [1854:3] Error in declaration. '*' is not allowed as first char of a property.
Nov 20, 2015 8:39:59 AM com.gargoylesoftware.htmlunit.DefaultCssErrorHandler error
WARNING: CSS error: 'http://localhost:8080/cargo-tracker/javax.faces.resource/foundation/css/foundation.css.xhtml' [1923:3] Error in declaration. '*' is not allowed as first char of a property.
Nov 20, 2015 8:39:59 AM com.gargoylesoftware.htmlunit.DefaultCssErrorHandler error
WARNING: CSS error: 'http://localhost:8080/cargo-tracker/javax.faces.resource/foundation/css/foundation.css.xhtml' [3042:5] Error in declaration. '*' is not allowed as first char of a property.
Nov 20, 2015 8:39:59 AM com.gargoylesoftware.htmlunit.DefaultCssErrorHandler error
WARNING: CSS error: 'http://localhost:8080/cargo-tracker/javax.faces.resource/foundation/css/foundation.css.xhtml' [3614:3] Error in declaration. '*' is not allowed as first char of a property.
Nov 20, 2015 8:39:59 AM com.gargoylesoftware.htmlunit.IncorrectnessListenerImpl notify
WARNING: Obsolete content type encountered: 'text/javascript'.
Nov 20, 2015 8:39:59 AM com.gargoylesoftware.htmlunit.IncorrectnessListenerImpl notify
WARNING: Obsolete content type encountered: 'text/javascript'.
Nov 20, 2015 8:39:59 AM com.gargoylesoftware.htmlunit.javascript.StrictErrorReporter runtimeError
SEVERE: runtimeError: message=[An invalid or illegal selector was specified (selector: ':checked' error: Invalid selector: *:checked).] sourceName=[http://localhost:8080/cargo-tracker/javax.faces.resource/foundation/js/vendor/jquery.js.xhtml] line=[1612] lineSource=[null] lineOffset=[0]
Nov 20, 2015 8:39:59 AM com.gargoylesoftware.htmlunit.javascript.StrictErrorReporter runtimeError
SEVERE: runtimeError: message=[An invalid or illegal selector was specified (selector: ':enabled' error: Invalid selector: *:enabled).] sourceName=[http://localhost:8080/cargo-tracker/javax.faces.resource/foundation/js/vendor/jquery.js.xhtml] line=[1634] lineSource=[null] lineOffset=[0]
Nov 20, 2015 8:39:59 AM com.gargoylesoftware.htmlunit.javascript.StrictErrorReporter runtimeError
SEVERE: runtimeError: message=[The data necessary to complete this operation is not yet available.] sourceName=[http://localhost:8080/cargo-tracker/javax.faces.resource/foundation/js/vendor/jquery.js.xhtml] line=[960] lineSource=[null] lineOffset=[0]
Nov 20, 2015 8:39:59 AM com.gargoylesoftware.htmlunit.DefaultCssErrorHandler error
WARNING: CSS error: 'http://localhost:8080/cargo-tracker/javax.faces.resource/foundation/css/foundation.css.xhtml' [103:3] Error in declaration. '*' is not allowed as first char of a property.
Nov 20, 2015 8:39:59 AM com.gargoylesoftware.htmlunit.DefaultCssErrorHandler error
WARNING: CSS error: 'http://localhost:8080/cargo-tracker/javax.faces.resource/foundation/css/foundation.css.xhtml' [125:5] Error in declaration. '*' is not allowed as first char of a property.
Nov 20, 2015 8:39:59 AM com.gargoylesoftware.htmlunit.DefaultCssErrorHandler error
WARNING: CSS error: 'http://localhost:8080/cargo-tracker/javax.faces.resource/foundation/css/foundation.css.xhtml' [135:7] Error in declaration. '*' is not allowed as first char of a property.
Nov 20, 2015 8:39:59 AM com.gargoylesoftware.htmlunit.DefaultCssErrorHandler error
WARNING: CSS error: 'http://localhost:8080/cargo-tracker/javax.faces.resource/foundation/css/foundation.css.xhtml' [775:5] Error in declaration. '*' is not allowed as first char of a property.
Nov 20, 2015 8:39:59 AM com.gargoylesoftware.htmlunit.DefaultCssErrorHandler error
WARNING: CSS error: 'http://localhost:8080/cargo-tracker/javax.faces.resource/foundation/css/foundation.css.xhtml' [1854:3] Error in declaration. '*' is not allowed as first char of a property.
Nov 20, 2015 8:39:59 AM com.gargoylesoftware.htmlunit.DefaultCssErrorHandler error
WARNING: CSS error: 'http://localhost:8080/cargo-tracker/javax.faces.resource/foundation/css/foundation.css.xhtml' [1923:3] Error in declaration. '*' is not allowed as first char of a property.
Nov 20, 2015 8:39:59 AM com.gargoylesoftware.htmlunit.DefaultCssErrorHandler error
WARNING: CSS error: 'http://localhost:8080/cargo-tracker/javax.faces.resource/foundation/css/foundation.css.xhtml' [3042:5] Error in declaration. '*' is not allowed as first char of a property.
Nov 20, 2015 8:39:59 AM com.gargoylesoftware.htmlunit.DefaultCssErrorHandler error
WARNING: CSS error: 'http://localhost:8080/cargo-tracker/javax.faces.resource/foundation/css/foundation.css.xhtml' [3614:3] Error in declaration. '*' is not allowed as first char of a property.
Nov 20, 2015 8:40:00 AM com.gargoylesoftware.htmlunit.IncorrectnessListenerImpl notify
WARNING: Obsolete content type encountered: 'text/javascript'.
</system-err>
  </testcase>
</testsuite>